#
# There is insufficient memory for the Java Runtime Environment to continue.
# Native memory allocation (malloc) failed to allocate 1614576 bytes. Error detail: Chunk::new
# Possible reasons:
#   The system is out of physical RAM or swap space
#   This process is running with CompressedOops enabled, and the Java Heap may be blocking the growth of the native heap
# Possible solutions:
#   Reduce memory load on the system
#   Increase physical memory or swap space
#   Check if swap backing store is full
#   Decrease Java heap size (-Xmx/-Xms)
#   Decrease number of Java threads
#   Decrease Java thread stack sizes (-Xss)
#   Set larger code cache with -XX:ReservedCodeCacheSize=
#   JVM is running with Zero Based Compressed Oops mode in which the Java heap is
#     placed in the first 32GB address space. The Java Heap base address is the
#     maximum limit for the native heap growth. Please use -XX:HeapBaseMinAddress
#     to set the Java Heap base and to place the Java Heap above 32GB virtual address.
# This output file may be truncated or incomplete.
#
#  Out of Memory Error (arena.cpp:168), pid=10868, tid=6540
#
# JRE version: OpenJDK Runtime Environment (21.0.5) (build 21.0.5+-13047016-b750.29)
# Java VM: OpenJDK 64-Bit Server VM (21.0.5+-13047016-b750.29, mixed mode, tiered, compressed oops, compressed class ptrs, g1 gc, windows-amd64)
# No core dump will be written. Minidumps are not enabled by default on client versions of Windows
#

---------------  S U M M A R Y ------------

Command Line: org.jetbrains.kotlin.cli.jvm.K2JVMCompiler @C:\Users\Mark Paul\ITE_393\app\build\20250401_5342567978686258006.compiler.options

Host: AMD Ryzen 5 3500 6-Core Processor              , 6 cores, 15G,  Windows 11 , 64 bit Build 26100 (10.0.26100.3624)
Time: Tue Apr  1 23:50:03 2025 Malay Peninsula Standard Time elapsed time: 7.279083 seconds (0d 0h 0m 7s)

---------------  T H R E A D  ---------------

Current thread (0x000002001e2a64d0):  JavaThread "C2 CompilerThread1" daemon [_thread_in_native, id=6540, stack(0x00000076b8700000,0x00000076b8800000) (1024K)]


Current CompileTask:
C2:7279 10964       4       org.jetbrains.kotlin.fir.backend.Fir2IrTypeConverter::toIrType (1744 bytes)

Stack: [0x00000076b8700000,0x00000076b8800000]
Native frames: (J=compiled Java code, j=interpreted, Vv=VM code, C=native code)
V  [jvm.dll+0x6cfb29]
V  [jvm.dll+0x85df93]
V  [jvm.dll+0x8604ee]
V  [jvm.dll+0x860bd3]
V  [jvm.dll+0x27e6b6]
V  [jvm.dll+0xbff6d]
V  [jvm.dll+0xc04a3]
V  [jvm.dll+0x3b5fc1]
V  [jvm.dll+0x381f97]
V  [jvm.dll+0x38140a]
V  [jvm.dll+0x247c62]
V  [jvm.dll+0x247231]
V  [jvm.dll+0x1c5ee4]
V  [jvm.dll+0x25697c]
V  [jvm.dll+0x254ec6]
V  [jvm.dll+0x3f0ce6]
V  [jvm.dll+0x806368]
V  [jvm.dll+0x6ce3fd]
C  [ucrtbase.dll+0x37b0]
C  [KERNEL32.DLL+0x2e8d7]
C  [ntdll.dll+0xb14fc]


---------------  P R O C E S S  ---------------

Threads class SMR info:
_java_thread_list=0x000002001e2882b0, length=12, elements={
0x000002007dfe2b10, 0x000002001e0ae9b0, 0x000002001e0af010, 0x000002001e0c2020,
0x000002001e0c28f0, 0x000002001e0d04f0, 0x000002001e0d0b50, 0x000002001e0ecd20,
0x000002001e0ed3c0, 0x000002001e275a70, 0x000002001e28b2c0, 0x000002001e2a64d0
}

Java Threads: ( => current thread )
  0x000002007dfe2b10 JavaThread "main"                              [_thread_in_vm, id=6908, stack(0x00000076b7500000,0x00000076b7600000) (1024K)]
  0x000002001e0ae9b0 JavaThread "Reference Handler"          daemon [_thread_blocked, id=13408, stack(0x00000076b7d00000,0x00000076b7e00000) (1024K)]
  0x000002001e0af010 JavaThread "Finalizer"                  daemon [_thread_blocked, id=15796, stack(0x00000076b7e00000,0x00000076b7f00000) (1024K)]
  0x000002001e0c2020 JavaThread "Signal Dispatcher"          daemon [_thread_blocked, id=7268, stack(0x00000076b7f00000,0x00000076b8000000) (1024K)]
  0x000002001e0c28f0 JavaThread "Attach Listener"            daemon [_thread_blocked, id=14616, stack(0x00000076b8000000,0x00000076b8100000) (1024K)]
  0x000002001e0d04f0 JavaThread "Service Thread"             daemon [_thread_blocked, id=12392, stack(0x00000076b8100000,0x00000076b8200000) (1024K)]
  0x000002001e0d0b50 JavaThread "Monitor Deflation Thread"   daemon [_thread_blocked, id=13732, stack(0x00000076b8200000,0x00000076b8300000) (1024K)]
  0x000002001e0ecd20 JavaThread "C2 CompilerThread0"         daemon [_thread_in_native, id=8872, stack(0x00000076b8300000,0x00000076b8400000) (1024K)]
  0x000002001e0ed3c0 JavaThread "C1 CompilerThread0"         daemon [_thread_blocked, id=13092, stack(0x00000076b8400000,0x00000076b8500000) (1024K)]
  0x000002001e275a70 JavaThread "Notification Thread"        daemon [_thread_blocked, id=2932, stack(0x00000076b8500000,0x00000076b8600000) (1024K)]
  0x000002001e28b2c0 JavaThread "Common-Cleaner"             daemon [_thread_blocked, id=14040, stack(0x00000076b8600000,0x00000076b8700000) (1024K)]
=>0x000002001e2a64d0 JavaThread "C2 CompilerThread1"         daemon [_thread_in_native, id=6540, stack(0x00000076b8700000,0x00000076b8800000) (1024K)]
Total: 12

Other Threads:
  0x00000200198a7020 VMThread "VM Thread"                           [id=14368, stack(0x00000076b7c00000,0x00000076b7d00000) (1024K)]
  0x0000020019870670 WatcherThread "VM Periodic Task Thread"        [id=13164, stack(0x00000076b7b00000,0x00000076b7c00000) (1024K)]
  0x000002007fad2420 WorkerThread "GC Thread#0"                     [id=3464, stack(0x00000076b7600000,0x00000076b7700000) (1024K)]
  0x000002001e8c1d60 WorkerThread "GC Thread#1"                     [id=5404, stack(0x00000076b8800000,0x00000076b8900000) (1024K)]
  0x000002001e8c2100 WorkerThread "GC Thread#2"                     [id=14812, stack(0x00000076b8900000,0x00000076b8a00000) (1024K)]
  0x000002001e9408e0 WorkerThread "GC Thread#3"                     [id=14880, stack(0x00000076b8a00000,0x00000076b8b00000) (1024K)]
  0x000002001e8f13a0 WorkerThread "GC Thread#4"                     [id=12152, stack(0x00000076b8b00000,0x00000076b8c00000) (1024K)]
  0x000002001e8f1740 WorkerThread "GC Thread#5"                     [id=2620, stack(0x00000076b8c00000,0x00000076b8d00000) (1024K)]
  0x000002007fae3b10 ConcurrentGCThread "G1 Main Marker"            [id=14276, stack(0x00000076b7700000,0x00000076b7800000) (1024K)]
  0x000002007fae5450 WorkerThread "G1 Conc#0"                       [id=15808, stack(0x00000076b7800000,0x00000076b7900000) (1024K)]
  0x000002001eb85ec0 WorkerThread "G1 Conc#1"                       [id=13580, stack(0x00000076b8d00000,0x00000076b8e00000) (1024K)]
  0x0000020019736070 ConcurrentGCThread "G1 Refine#0"               [id=7304, stack(0x00000076b7900000,0x00000076b7a00000) (1024K)]
  0x00000200197364a0 ConcurrentGCThread "G1 Service"                [id=1948, stack(0x00000076b7a00000,0x00000076b7b00000) (1024K)]
Total: 13

Threads with active compile tasks:
C2 CompilerThread0  7291 11027       4       org.jetbrains.kotlin.types.AbstractTypeChecker::isSubtypeOfForSingleClassifierType (1053 bytes)
C2 CompilerThread1  7291 10964       4       org.jetbrains.kotlin.fir.backend.Fir2IrTypeConverter::toIrType (1744 bytes)
Total: 2

VM state: not at safepoint (normal execution)

VM Mutex/Monitor currently owned by a thread: None

Heap address: 0x0000000701000000, size: 4080 MB, Compressed Oops mode: Zero based, Oop shift amount: 3

CDS archive(s) not mapped
Compressed class space mapped at: 0x0000000800000000-0x0000000840000000, reserved size: 1073741824
Narrow klass base: 0x0000000800000000, Narrow klass shift: 0, Narrow klass range: 0x40000000

GC Precious Log:
 CardTable entry size: 512
 Card Set container configuration: InlinePtr #cards 4 size 8 Array Of Cards #cards 16 size 48 Howl #buckets 8 coarsen threshold 3686 Howl Bitmap #cards 512 size 80 coarsen threshold 460 Card regions per heap region 1 cards per card region 4096
 CPUs: 6 total, 6 available
 Memory: 16315M
 Large Page Support: Disabled
 NUMA Support: Disabled
 Compressed Oops: Enabled (Zero based)
 Heap Region Size: 2M
 Heap Min Capacity: 8M
 Heap Initial Capacity: 256M
 Heap Max Capacity: 4080M
 Pre-touch: Disabled
 Parallel Workers: 6
 Concurrent Workers: 2
 Concurrent Refinement Workers: 6
 Periodic GC: Disabled

Heap:
 garbage-first heap   total 188416K, used 137216K [0x0000000701000000, 0x0000000800000000)
  region size 2048K, 36 young (73728K), 4 survivors (8192K)
 Metaspace       used 75127K, committed 75392K, reserved 1179648K
  class space    used 8094K, committed 8192K, reserved 1048576K

Heap Regions: E=young(eden), S=young(survivor), O=old, HS=humongous(starts), HC=humongous(continues), CS=collection set, F=free, TAMS=top-at-mark-start, PB=parsable bottom
|   0|0x0000000701000000, 0x0000000701200000, 0x0000000701200000|100%|HS|  |TAMS 0x0000000701000000| PB 0x0000000701000000| Complete 
|   1|0x0000000701200000, 0x0000000701400000, 0x0000000701400000|100%|HC|  |TAMS 0x0000000701200000| PB 0x0000000701200000| Complete 
|   2|0x0000000701400000, 0x0000000701600000, 0x0000000701600000|100%| O|  |TAMS 0x0000000701400000| PB 0x0000000701400000| Untracked 
|   3|0x0000000701600000, 0x0000000701800000, 0x0000000701800000|100%| O|  |TAMS 0x0000000701600000| PB 0x0000000701600000| Untracked 
|   4|0x0000000701800000, 0x0000000701a00000, 0x0000000701a00000|100%| O|  |TAMS 0x0000000701800000| PB 0x0000000701800000| Untracked 
|   5|0x0000000701a00000, 0x0000000701c00000, 0x0000000701c00000|100%| O|  |TAMS 0x0000000701a00000| PB 0x0000000701a00000| Untracked 
|   6|0x0000000701c00000, 0x0000000701e00000, 0x0000000701e00000|100%| O|  |TAMS 0x0000000701c00000| PB 0x0000000701c00000| Untracked 
|   7|0x0000000701e00000, 0x0000000702000000, 0x0000000702000000|100%| O|  |TAMS 0x0000000701e00000| PB 0x0000000701e00000| Untracked 
|   8|0x0000000702000000, 0x0000000702200000, 0x0000000702200000|100%| O|  |TAMS 0x0000000702000000| PB 0x0000000702000000| Untracked 
|   9|0x0000000702200000, 0x0000000702400000, 0x0000000702400000|100%| O|  |TAMS 0x0000000702200000| PB 0x0000000702200000| Untracked 
|  10|0x0000000702400000, 0x0000000702600000, 0x0000000702600000|100%| O|  |TAMS 0x0000000702400000| PB 0x0000000702400000| Untracked 
|  11|0x0000000702600000, 0x0000000702800000, 0x0000000702800000|100%| O|  |TAMS 0x0000000702600000| PB 0x0000000702600000| Untracked 
|  12|0x0000000702800000, 0x0000000702a00000, 0x0000000702a00000|100%| O|  |TAMS 0x0000000702800000| PB 0x0000000702800000| Untracked 
|  13|0x0000000702a00000, 0x0000000702c00000, 0x0000000702c00000|100%| O|  |TAMS 0x0000000702a00000| PB 0x0000000702a00000| Untracked 
|  14|0x0000000702c00000, 0x0000000702e00000, 0x0000000702e00000|100%| O|  |TAMS 0x0000000702c00000| PB 0x0000000702c00000| Untracked 
|  15|0x0000000702e00000, 0x0000000703000000, 0x0000000703000000|100%| O|  |TAMS 0x0000000702e00000| PB 0x0000000702e00000| Untracked 
|  16|0x0000000703000000, 0x0000000703200000, 0x0000000703200000|100%| O|  |TAMS 0x0000000703000000| PB 0x0000000703000000| Untracked 
|  17|0x0000000703200000, 0x0000000703400000, 0x0000000703400000|100%| O|  |TAMS 0x0000000703200000| PB 0x0000000703200000| Untracked 
|  18|0x0000000703400000, 0x0000000703600000, 0x0000000703600000|100%| O|  |TAMS 0x0000000703400000| PB 0x0000000703400000| Untracked 
|  19|0x0000000703600000, 0x0000000703800000, 0x0000000703800000|100%| O|  |TAMS 0x0000000703600000| PB 0x0000000703600000| Untracked 
|  20|0x0000000703800000, 0x0000000703a00000, 0x0000000703a00000|100%| O|  |TAMS 0x0000000703800000| PB 0x0000000703800000| Untracked 
|  21|0x0000000703a00000, 0x0000000703c00000, 0x0000000703c00000|100%| O|  |TAMS 0x0000000703a00000| PB 0x0000000703a00000| Untracked 
|  22|0x0000000703c00000, 0x0000000703e00000, 0x0000000703e00000|100%| O|  |TAMS 0x0000000703c00000| PB 0x0000000703c00000| Untracked 
|  23|0x0000000703e00000, 0x0000000704000000, 0x0000000704000000|100%| O|  |TAMS 0x0000000703e00000| PB 0x0000000703e00000| Untracked 
|  24|0x0000000704000000, 0x0000000704200000, 0x0000000704200000|100%| O|  |TAMS 0x0000000704000000| PB 0x0000000704000000| Untracked 
|  25|0x0000000704200000, 0x0000000704400000, 0x0000000704400000|100%| O|  |TAMS 0x0000000704200000| PB 0x0000000704200000| Untracked 
|  26|0x0000000704400000, 0x0000000704600000, 0x0000000704600000|100%| O|  |TAMS 0x0000000704400000| PB 0x0000000704400000| Untracked 
|  27|0x0000000704600000, 0x0000000704800000, 0x0000000704800000|100%| O|  |TAMS 0x0000000704600000| PB 0x0000000704600000| Untracked 
|  28|0x0000000704800000, 0x0000000704a00000, 0x0000000704a00000|100%| O|  |TAMS 0x0000000704800000| PB 0x0000000704800000| Untracked 
|  29|0x0000000704a00000, 0x0000000704c00000, 0x0000000704c00000|100%| O|  |TAMS 0x0000000704a00000| PB 0x0000000704a00000| Untracked 
|  30|0x0000000704c00000, 0x0000000704e00000, 0x0000000704e00000|100%| O|  |TAMS 0x0000000704c00000| PB 0x0000000704c00000| Untracked 
|  31|0x0000000704e00000, 0x0000000705000000, 0x0000000705000000|100%| O|  |TAMS 0x0000000704e00000| PB 0x0000000704e00000| Untracked 
|  32|0x0000000705000000, 0x0000000705000000, 0x0000000705200000|  0%| F|  |TAMS 0x0000000705000000| PB 0x0000000705000000| Untracked 
|  33|0x0000000705200000, 0x0000000705200000, 0x0000000705400000|  0%| F|  |TAMS 0x0000000705200000| PB 0x0000000705200000| Untracked 
|  34|0x0000000705400000, 0x0000000705400000, 0x0000000705600000|  0%| F|  |TAMS 0x0000000705400000| PB 0x0000000705400000| Untracked 
|  35|0x0000000705600000, 0x0000000705600000, 0x0000000705800000|  0%| F|  |TAMS 0x0000000705600000| PB 0x0000000705600000| Untracked 
|  36|0x0000000705800000, 0x0000000705800000, 0x0000000705a00000|  0%| F|  |TAMS 0x0000000705800000| PB 0x0000000705800000| Untracked 
|  37|0x0000000705a00000, 0x0000000705a00000, 0x0000000705c00000|  0%| F|  |TAMS 0x0000000705a00000| PB 0x0000000705a00000| Untracked 
|  38|0x0000000705c00000, 0x0000000705e00000, 0x0000000705e00000|100%| S|CS|TAMS 0x0000000705c00000| PB 0x0000000705c00000| Complete 
|  39|0x0000000705e00000, 0x0000000706000000, 0x0000000706000000|100%| S|CS|TAMS 0x0000000705e00000| PB 0x0000000705e00000| Complete 
|  40|0x0000000706000000, 0x0000000706200000, 0x0000000706200000|100%| S|CS|TAMS 0x0000000706000000| PB 0x0000000706000000| Complete 
|  41|0x0000000706200000, 0x0000000706400000, 0x0000000706400000|100%| S|CS|TAMS 0x0000000706200000| PB 0x0000000706200000| Complete 
|  42|0x0000000706400000, 0x0000000706400000, 0x0000000706600000|  0%| F|  |TAMS 0x0000000706400000| PB 0x0000000706400000| Untracked 
|  43|0x0000000706600000, 0x0000000706600000, 0x0000000706800000|  0%| F|  |TAMS 0x0000000706600000| PB 0x0000000706600000| Untracked 
|  44|0x0000000706800000, 0x0000000706800000, 0x0000000706a00000|  0%| F|  |TAMS 0x0000000706800000| PB 0x0000000706800000| Untracked 
|  45|0x0000000706a00000, 0x0000000706a00000, 0x0000000706c00000|  0%| F|  |TAMS 0x0000000706a00000| PB 0x0000000706a00000| Untracked 
|  46|0x0000000706c00000, 0x0000000706c00000, 0x0000000706e00000|  0%| F|  |TAMS 0x0000000706c00000| PB 0x0000000706c00000| Untracked 
|  47|0x0000000706e00000, 0x0000000706e00000, 0x0000000707000000|  0%| F|  |TAMS 0x0000000706e00000| PB 0x0000000706e00000| Untracked 
|  48|0x0000000707000000, 0x0000000707000000, 0x0000000707200000|  0%| F|  |TAMS 0x0000000707000000| PB 0x0000000707000000| Untracked 
|  49|0x0000000707200000, 0x0000000707200000, 0x0000000707400000|  0%| F|  |TAMS 0x0000000707200000| PB 0x0000000707200000| Untracked 
|  50|0x0000000707400000, 0x0000000707400000, 0x0000000707600000|  0%| F|  |TAMS 0x0000000707400000| PB 0x0000000707400000| Untracked 
|  51|0x0000000707600000, 0x0000000707600000, 0x0000000707800000|  0%| F|  |TAMS 0x0000000707600000| PB 0x0000000707600000| Untracked 
|  52|0x0000000707800000, 0x0000000707800000, 0x0000000707a00000|  0%| F|  |TAMS 0x0000000707800000| PB 0x0000000707800000| Untracked 
|  53|0x0000000707a00000, 0x0000000707a00000, 0x0000000707c00000|  0%| F|  |TAMS 0x0000000707a00000| PB 0x0000000707a00000| Untracked 
|  54|0x0000000707c00000, 0x0000000707c00000, 0x0000000707e00000|  0%| F|  |TAMS 0x0000000707c00000| PB 0x0000000707c00000| Untracked 
|  55|0x0000000707e00000, 0x0000000707e00000, 0x0000000708000000|  0%| F|  |TAMS 0x0000000707e00000| PB 0x0000000707e00000| Untracked 
|  56|0x0000000708000000, 0x0000000708000000, 0x0000000708200000|  0%| F|  |TAMS 0x0000000708000000| PB 0x0000000708000000| Untracked 
|  57|0x0000000708200000, 0x0000000708200000, 0x0000000708400000|  0%| F|  |TAMS 0x0000000708200000| PB 0x0000000708200000| Untracked 
|  58|0x0000000708400000, 0x0000000708400000, 0x0000000708600000|  0%| F|  |TAMS 0x0000000708400000| PB 0x0000000708400000| Untracked 
|  59|0x0000000708600000, 0x0000000708600000, 0x0000000708800000|  0%| F|  |TAMS 0x0000000708600000| PB 0x0000000708600000| Untracked 
|  60|0x0000000708800000, 0x0000000708a00000, 0x0000000708a00000|100%| E|  |TAMS 0x0000000708800000| PB 0x0000000708800000| Complete 
|  61|0x0000000708a00000, 0x0000000708c00000, 0x0000000708c00000|100%| E|CS|TAMS 0x0000000708a00000| PB 0x0000000708a00000| Complete 
|  62|0x0000000708c00000, 0x0000000708e00000, 0x0000000708e00000|100%| E|CS|TAMS 0x0000000708c00000| PB 0x0000000708c00000| Complete 
|  63|0x0000000708e00000, 0x0000000709000000, 0x0000000709000000|100%| E|CS|TAMS 0x0000000708e00000| PB 0x0000000708e00000| Complete 
|  64|0x0000000709000000, 0x0000000709200000, 0x0000000709200000|100%| E|CS|TAMS 0x0000000709000000| PB 0x0000000709000000| Complete 
|  65|0x0000000709200000, 0x0000000709400000, 0x0000000709400000|100%| E|CS|TAMS 0x0000000709200000| PB 0x0000000709200000| Complete 
|  66|0x0000000709400000, 0x0000000709600000, 0x0000000709600000|100%| E|CS|TAMS 0x0000000709400000| PB 0x0000000709400000| Complete 
|  67|0x0000000709600000, 0x0000000709800000, 0x0000000709800000|100%| E|CS|TAMS 0x0000000709600000| PB 0x0000000709600000| Complete 
|  68|0x0000000709800000, 0x0000000709a00000, 0x0000000709a00000|100%| E|CS|TAMS 0x0000000709800000| PB 0x0000000709800000| Complete 
|  69|0x0000000709a00000, 0x0000000709c00000, 0x0000000709c00000|100%| E|CS|TAMS 0x0000000709a00000| PB 0x0000000709a00000| Complete 
|  70|0x0000000709c00000, 0x0000000709e00000, 0x0000000709e00000|100%| E|CS|TAMS 0x0000000709c00000| PB 0x0000000709c00000| Complete 
|  71|0x0000000709e00000, 0x000000070a000000, 0x000000070a000000|100%| E|CS|TAMS 0x0000000709e00000| PB 0x0000000709e00000| Complete 
|  72|0x000000070a000000, 0x000000070a200000, 0x000000070a200000|100%| E|CS|TAMS 0x000000070a000000| PB 0x000000070a000000| Complete 
|  73|0x000000070a200000, 0x000000070a400000, 0x000000070a400000|100%| E|CS|TAMS 0x000000070a200000| PB 0x000000070a200000| Complete 
|  74|0x000000070a400000, 0x000000070a600000, 0x000000070a600000|100%| E|CS|TAMS 0x000000070a400000| PB 0x000000070a400000| Complete 
|  75|0x000000070a600000, 0x000000070a800000, 0x000000070a800000|100%| E|CS|TAMS 0x000000070a600000| PB 0x000000070a600000| Complete 
|  76|0x000000070a800000, 0x000000070aa00000, 0x000000070aa00000|100%| E|CS|TAMS 0x000000070a800000| PB 0x000000070a800000| Complete 
|  77|0x000000070aa00000, 0x000000070ac00000, 0x000000070ac00000|100%| E|CS|TAMS 0x000000070aa00000| PB 0x000000070aa00000| Complete 
|  78|0x000000070ac00000, 0x000000070ae00000, 0x000000070ae00000|100%| E|CS|TAMS 0x000000070ac00000| PB 0x000000070ac00000| Complete 
|  79|0x000000070ae00000, 0x000000070b000000, 0x000000070b000000|100%| E|CS|TAMS 0x000000070ae00000| PB 0x000000070ae00000| Complete 
|  80|0x000000070b000000, 0x000000070b200000, 0x000000070b200000|100%| E|CS|TAMS 0x000000070b000000| PB 0x000000070b000000| Complete 
|  81|0x000000070b200000, 0x000000070b400000, 0x000000070b400000|100%| E|CS|TAMS 0x000000070b200000| PB 0x000000070b200000| Complete 
|  82|0x000000070b400000, 0x000000070b600000, 0x000000070b600000|100%| E|CS|TAMS 0x000000070b400000| PB 0x000000070b400000| Complete 
|  83|0x000000070b600000, 0x000000070b800000, 0x000000070b800000|100%| E|CS|TAMS 0x000000070b600000| PB 0x000000070b600000| Complete 
|  84|0x000000070b800000, 0x000000070ba00000, 0x000000070ba00000|100%| E|CS|TAMS 0x000000070b800000| PB 0x000000070b800000| Complete 
|  85|0x000000070ba00000, 0x000000070bc00000, 0x000000070bc00000|100%| E|CS|TAMS 0x000000070ba00000| PB 0x000000070ba00000| Complete 
|  86|0x000000070bc00000, 0x000000070be00000, 0x000000070be00000|100%| E|CS|TAMS 0x000000070bc00000| PB 0x000000070bc00000| Complete 
|  87|0x000000070be00000, 0x000000070c000000, 0x000000070c000000|100%| E|CS|TAMS 0x000000070be00000| PB 0x000000070be00000| Complete 
| 109|0x000000070ea00000, 0x000000070ec00000, 0x000000070ec00000|100%| E|CS|TAMS 0x000000070ea00000| PB 0x000000070ea00000| Complete 
| 110|0x000000070ec00000, 0x000000070ee00000, 0x000000070ee00000|100%| E|CS|TAMS 0x000000070ec00000| PB 0x000000070ec00000| Complete 
| 111|0x000000070ee00000, 0x000000070f000000, 0x000000070f000000|100%| E|CS|TAMS 0x000000070ee00000| PB 0x000000070ee00000| Complete 
| 127|0x0000000710e00000, 0x0000000711000000, 0x0000000711000000|100%| E|CS|TAMS 0x0000000710e00000| PB 0x0000000710e00000| Complete 

Card table byte_map: [0x0000020012cd0000,0x00000200134d0000] _byte_map_base: 0x000002000f4c8000

Marking Bits: (CMBitMap*) 0x000002007fad2b20
 Bits: [0x00000200134d0000, 0x0000020017490000)

Polling page: 0x000002007e1c0000

Metaspace:

Usage:
  Non-class:     65.52 MB used.
      Class:      7.91 MB used.
       Both:     73.43 MB used.

Virtual space:
  Non-class space:      128.00 MB reserved,      65.69 MB ( 51%) committed,  2 nodes.
      Class space:        1.00 GB reserved,       8.06 MB ( <1%) committed,  1 nodes.
             Both:        1.12 GB reserved,      73.75 MB (  6%) committed. 

Chunk freelists:
   Non-Class:  14.08 MB
       Class:  7.92 MB
        Both:  22.00 MB

MaxMetaspaceSize: unlimited
CompressedClassSpaceSize: 1.00 GB
Initial GC threshold: 21.00 MB
Current GC threshold: 98.75 MB
CDS: off
 - commit_granule_bytes: 65536.
 - commit_granule_words: 8192.
 - virtual_space_node_default_size: 8388608.
 - enlarge_chunks_in_place: 1.
 - use_allocation_guard: 0.


Internal statistics:

num_allocs_failed_limit: 9.
num_arena_births: 358.
num_arena_deaths: 0.
num_vsnodes_births: 3.
num_vsnodes_deaths: 0.
num_space_committed: 1178.
num_space_uncommitted: 0.
num_chunks_returned_to_freelist: 9.
num_chunks_taken_from_freelist: 2664.
num_chunk_merges: 9.
num_chunk_splits: 2236.
num_chunks_enlarged: 2039.
num_inconsistent_stats: 0.

CodeHeap 'non-profiled nmethods': size=120000Kb used=5964Kb max_used=5964Kb free=114035Kb
 bounds [0x000002000ab60000, 0x000002000b140000, 0x0000020012090000]
CodeHeap 'profiled nmethods': size=120000Kb used=39032Kb max_used=39032Kb free=80967Kb
 bounds [0x0000020003090000, 0x00000200056b0000, 0x000002000a5c0000]
CodeHeap 'non-nmethods': size=5760Kb used=1779Kb max_used=1807Kb free=3980Kb
 bounds [0x000002000a5c0000, 0x000002000a830000, 0x000002000ab60000]
 total_blobs=11574 nmethods=10787 adapters=689
 compilation: enabled
              stopped_count=0, restarted_count=0
 full_count=0

Compilation events (20 events):
Event: 7.235 Thread 0x000002001e0ed3c0 nmethod 11058 0x000002000568a090 code [0x000002000568a420, 0x000002000568b7c0]
Event: 7.235 Thread 0x000002001e0ed3c0 11059       3       org.jetbrains.kotlin.fir.backend.MappedLazyVar::<init> (63 bytes)
Event: 7.236 Thread 0x000002001e0ed3c0 nmethod 11059 0x000002000568bf10 code [0x000002000568c480, 0x000002000568ed68]
Event: 7.236 Thread 0x000002001e0ed3c0 11063       3       org.jetbrains.kotlin.fir.backend.Fir2IrDeclarationStorage::getIrFunctionSymbol$default (26 bytes)
Event: 7.236 Thread 0x000002001e0ed3c0 nmethod 11063 0x000002000568fb90 code [0x000002000568fd40, 0x000002000568fed8]
Event: 7.236 Thread 0x000002001e0ed3c0 11065       3       org.jetbrains.kotlin.fir.backend.generators.AnnotationGenerator::generate (38 bytes)
Event: 7.237 Thread 0x000002001e0ed3c0 nmethod 11065 0x000002000568ff90 code [0x00000200056902e0, 0x00000200056915d8]
Event: 7.237 Thread 0x000002001e0ed3c0 11060       1       org.jetbrains.kotlin.fir.lazy.AbstractFir2IrLazyFunction::getOrigin (5 bytes)
Event: 7.237 Thread 0x000002001e0ed3c0 nmethod 11060 0x000002000b12fd90 code [0x000002000b12ff20, 0x000002000b12fff0]
Event: 7.237 Thread 0x000002001e0ed3c0 11061       1       org.jetbrains.kotlin.fir.lazy.AbstractFir2IrLazyFunction::getStartOffset (5 bytes)
Event: 7.237 Thread 0x000002001e0ed3c0 nmethod 11061 0x000002000b130090 code [0x000002000b130220, 0x000002000b1302e8]
Event: 7.237 Thread 0x000002001e0ed3c0 11062       1       org.jetbrains.kotlin.fir.lazy.AbstractFir2IrLazyFunction::getEndOffset (5 bytes)
Event: 7.237 Thread 0x000002001e0ed3c0 nmethod 11062 0x000002000b130390 code [0x000002000b130520, 0x000002000b1305e8]
Event: 7.237 Thread 0x000002001e0ed3c0 11064       1       org.jetbrains.kotlin.ir.declarations.lazy.AbstractIrLazyFunction::setDispatchReceiverParameter (6 bytes)
Event: 7.237 Thread 0x000002001e0ed3c0 nmethod 11064 0x000002000b130690 code [0x000002000b130820, 0x000002000b130938]
Event: 7.237 Thread 0x000002001e0ed3c0 11066       3       org.jetbrains.kotlin.fir.backend.Fir2IrDeclarationStorage::createMemberFunctionSymbol (223 bytes)
Event: 7.239 Thread 0x000002001e0ed3c0 nmethod 11066 0x0000020005691c90 code [0x00000200056925a0, 0x00000200056976a0]
Event: 7.239 Thread 0x000002001e0ed3c0 11072       3       org.jetbrains.kotlin.types.AbstractTypeChecker::equalTypes (240 bytes)
Event: 7.241 Thread 0x000002001e0ed3c0 nmethod 11072 0x0000020005699190 code [0x0000020005699820, 0x000002000569cd20]
Event: 7.241 Thread 0x000002001e0ed3c0 11069       3       org.jetbrains.kotlin.fir.backend.generators.Fir2IrCallableDeclarationsGenerator$Companion::computeDispatchReceiverType$fir2ir (287 bytes)

GC Heap History (20 events):
Event: 1.091 GC heap before
{Heap before GC invocations=3 (full 0):
 garbage-first heap   total 34816K, used 33048K [0x0000000701000000, 0x0000000800000000)
  region size 2048K, 15 young (30720K), 3 survivors (6144K)
 Metaspace       used 24762K, committed 25024K, reserved 1114112K
  class space    used 2612K, committed 2752K, reserved 1048576K
}
Event: 1.097 GC heap after
{Heap after GC invocations=4 (full 0):
 garbage-first heap   total 47104K, used 15777K [0x0000000701000000, 0x0000000800000000)
  region size 2048K, 6 young (12288K), 6 survivors (12288K)
 Metaspace       used 24762K, committed 25024K, reserved 1114112K
  class space    used 2612K, committed 2752K, reserved 1048576K
}
Event: 1.293 GC heap before
{Heap before GC invocations=4 (full 0):
 garbage-first heap   total 47104K, used 30113K [0x0000000701000000, 0x0000000800000000)
  region size 2048K, 13 young (26624K), 6 survivors (12288K)
 Metaspace       used 28362K, committed 28608K, reserved 1114112K
  class space    used 2987K, committed 3072K, reserved 1048576K
}
Event: 1.298 GC heap after
{Heap after GC invocations=5 (full 0):
 garbage-first heap   total 47104K, used 17019K [0x0000000701000000, 0x0000000800000000)
  region size 2048K, 1 young (2048K), 1 survivors (2048K)
 Metaspace       used 28362K, committed 28608K, reserved 1114112K
  class space    used 2987K, committed 3072K, reserved 1048576K
}
Event: 1.561 GC heap before
{Heap before GC invocations=5 (full 0):
 garbage-first heap   total 47104K, used 35451K [0x0000000701000000, 0x0000000800000000)
  region size 2048K, 10 young (20480K), 1 survivors (2048K)
 Metaspace       used 33240K, committed 33472K, reserved 1114112K
  class space    used 4007K, committed 4096K, reserved 1048576K
}
Event: 1.565 GC heap after
{Heap after GC invocations=6 (full 0):
 garbage-first heap   total 47104K, used 18681K [0x0000000701000000, 0x0000000800000000)
  region size 2048K, 2 young (4096K), 2 survivors (4096K)
 Metaspace       used 33240K, committed 33472K, reserved 1114112K
  class space    used 4007K, committed 4096K, reserved 1048576K
}
Event: 1.690 GC heap before
{Heap before GC invocations=6 (full 0):
 garbage-first heap   total 47104K, used 28921K [0x0000000701000000, 0x0000000800000000)
  region size 2048K, 8 young (16384K), 2 survivors (4096K)
 Metaspace       used 35877K, committed 36096K, reserved 1114112K
  class space    used 4279K, committed 4352K, reserved 1048576K
}
Event: 1.693 GC heap after
{Heap after GC invocations=7 (full 0):
 garbage-first heap   total 47104K, used 19372K [0x0000000701000000, 0x0000000800000000)
  region size 2048K, 1 young (2048K), 1 survivors (2048K)
 Metaspace       used 35877K, committed 36096K, reserved 1114112K
  class space    used 4279K, committed 4352K, reserved 1048576K
}
Event: 1.909 GC heap before
{Heap before GC invocations=8 (full 0):
 garbage-first heap   total 47104K, used 33708K [0x0000000701000000, 0x0000000800000000)
  region size 2048K, 9 young (18432K), 1 survivors (2048K)
 Metaspace       used 40358K, committed 40640K, reserved 1114112K
  class space    used 4736K, committed 4864K, reserved 1048576K
}
Event: 1.912 GC heap after
{Heap after GC invocations=9 (full 0):
 garbage-first heap   total 155648K, used 20059K [0x0000000701000000, 0x0000000800000000)
  region size 2048K, 1 young (2048K), 1 survivors (2048K)
 Metaspace       used 40358K, committed 40640K, reserved 1114112K
  class space    used 4736K, committed 4864K, reserved 1048576K
}
Event: 3.179 GC heap before
{Heap before GC invocations=9 (full 0):
 garbage-first heap   total 155648K, used 108123K [0x0000000701000000, 0x0000000800000000)
  region size 2048K, 45 young (92160K), 1 survivors (2048K)
 Metaspace       used 56163K, committed 56448K, reserved 1114112K
  class space    used 6387K, committed 6528K, reserved 1048576K
}
Event: 3.194 GC heap after
{Heap after GC invocations=10 (full 0):
 garbage-first heap   total 155648K, used 33780K [0x0000000701000000, 0x0000000800000000)
  region size 2048K, 6 young (12288K), 6 survivors (12288K)
 Metaspace       used 56163K, committed 56448K, reserved 1114112K
  class space    used 6387K, committed 6528K, reserved 1048576K
}
Event: 4.008 GC heap before
{Heap before GC invocations=10 (full 0):
 garbage-first heap   total 155648K, used 99316K [0x0000000701000000, 0x0000000800000000)
  region size 2048K, 39 young (79872K), 6 survivors (12288K)
 Metaspace       used 60337K, committed 60608K, reserved 1114112K
  class space    used 6774K, committed 6912K, reserved 1048576K
}
Event: 4.028 GC heap after
{Heap after GC invocations=11 (full 0):
 garbage-first heap   total 155648K, used 49152K [0x0000000701000000, 0x0000000800000000)
  region size 2048K, 6 young (12288K), 6 survivors (12288K)
 Metaspace       used 60337K, committed 60608K, reserved 1114112K
  class space    used 6774K, committed 6912K, reserved 1048576K
}
Event: 5.018 GC heap before
{Heap before GC invocations=12 (full 0):
 garbage-first heap   total 155648K, used 116736K [0x0000000701000000, 0x0000000800000000)
  region size 2048K, 39 young (79872K), 6 survivors (12288K)
 Metaspace       used 63789K, committed 64128K, reserved 1114112K
  class space    used 7192K, committed 7360K, reserved 1048576K
}
Event: 5.034 GC heap after
{Heap after GC invocations=13 (full 0):
 garbage-first heap   total 155648K, used 59888K [0x0000000701000000, 0x0000000800000000)
  region size 2048K, 5 young (10240K), 5 survivors (10240K)
 Metaspace       used 63789K, committed 64128K, reserved 1114112K
  class space    used 7192K, committed 7360K, reserved 1048576K
}
Event: 5.764 GC heap before
{Heap before GC invocations=13 (full 0):
 garbage-first heap   total 155648K, used 121328K [0x0000000701000000, 0x0000000800000000)
  region size 2048K, 35 young (71680K), 5 survivors (10240K)
 Metaspace       used 66854K, committed 67200K, reserved 1114112K
  class space    used 7461K, committed 7616K, reserved 1048576K
}
Event: 5.778 GC heap after
{Heap after GC invocations=14 (full 0):
 garbage-first heap   total 155648K, used 65344K [0x0000000701000000, 0x0000000800000000)
  region size 2048K, 3 young (6144K), 3 survivors (6144K)
 Metaspace       used 66854K, committed 67200K, reserved 1114112K
  class space    used 7461K, committed 7616K, reserved 1048576K
}
Event: 6.548 GC heap before
{Heap before GC invocations=14 (full 0):
 garbage-first heap   total 155648K, used 128832K [0x0000000701000000, 0x0000000800000000)
  region size 2048K, 34 young (69632K), 3 survivors (6144K)
 Metaspace       used 68756K, committed 69056K, reserved 1114112K
  class space    used 7538K, committed 7680K, reserved 1048576K
}
Event: 6.561 GC heap after
{Heap after GC invocations=15 (full 0):
 garbage-first heap   total 188416K, used 73728K [0x0000000701000000, 0x0000000800000000)
  region size 2048K, 4 young (8192K), 4 survivors (8192K)
 Metaspace       used 68756K, committed 69056K, reserved 1114112K
  class space    used 7538K, committed 7680K, reserved 1048576K
}

Dll operation events (3 events):
Event: 0.007 Loaded shared library C:\Users\Mark Paul\AppData\Local\Programs\Android Studio\jbr\bin\java.dll
Event: 0.012 Loaded shared library C:\Users\Mark Paul\AppData\Local\Programs\Android Studio\jbr\bin\zip.dll
Event: 1.108 Loaded shared library C:\Users\Mark Paul\AppData\Local\Programs\Android Studio\jbr\bin\verify.dll

Deoptimization events (20 events):
Event: 7.081 Thread 0x000002007dfe2b10 Uncommon trap: trap_request=0xffffffde fr.pc=0x000002000af4f228 relative=0x0000000000000088
Event: 7.081 Thread 0x000002007dfe2b10 Uncommon trap: reason=class_check action=maybe_recompile pc=0x000002000af4f228 method=org.jetbrains.kotlin.fir.types.ConeTypeUtilsKt.getClassId(Lorg/jetbrains/kotlin/fir/types/ConeKotlinType;)Lorg/jetbrains/kotlin/name/ClassId; @ 32 c2
Event: 7.081 Thread 0x000002007dfe2b10 DEOPT PACKING pc=0x000002000af4f228 sp=0x00000076b75fbfd0
Event: 7.081 Thread 0x000002007dfe2b10 DEOPT UNPACKING pc=0x000002000a6146a2 sp=0x00000076b75fbf68 mode 2
Event: 7.234 Thread 0x000002007dfe2b10 Uncommon trap: trap_request=0xffffffc6 fr.pc=0x000002000b0d26a0 relative=0x0000000000002d80
Event: 7.234 Thread 0x000002007dfe2b10 Uncommon trap: reason=bimorphic_or_optimized_type_check action=maybe_recompile pc=0x000002000b0d26a0 method=org.jetbrains.kotlin.fir.scopes.impl.FirClassUseSiteMemberScope.getPropertiesAndFieldsFromSupertypesByName(Lorg/jetbrains/kotlin/name/Name;)Lkotlin
Event: 7.234 Thread 0x000002007dfe2b10 DEOPT PACKING pc=0x000002000b0d26a0 sp=0x00000076b75fdb50
Event: 7.234 Thread 0x000002007dfe2b10 DEOPT UNPACKING pc=0x000002000a6146a2 sp=0x00000076b75fda80 mode 2
Event: 7.234 Thread 0x000002007dfe2b10 Uncommon trap: trap_request=0xffffffc6 fr.pc=0x000002000b0d26a0 relative=0x0000000000002d80
Event: 7.234 Thread 0x000002007dfe2b10 Uncommon trap: reason=bimorphic_or_optimized_type_check action=maybe_recompile pc=0x000002000b0d26a0 method=org.jetbrains.kotlin.fir.scopes.impl.FirClassUseSiteMemberScope.getPropertiesAndFieldsFromSupertypesByName(Lorg/jetbrains/kotlin/name/Name;)Lkotlin
Event: 7.234 Thread 0x000002007dfe2b10 DEOPT PACKING pc=0x000002000b0d26a0 sp=0x00000076b75fdb50
Event: 7.234 Thread 0x000002007dfe2b10 DEOPT UNPACKING pc=0x000002000a6146a2 sp=0x00000076b75fda80 mode 2
Event: 7.234 Thread 0x000002007dfe2b10 Uncommon trap: trap_request=0xffffffc6 fr.pc=0x000002000b0d26a0 relative=0x0000000000002d80
Event: 7.234 Thread 0x000002007dfe2b10 Uncommon trap: reason=bimorphic_or_optimized_type_check action=maybe_recompile pc=0x000002000b0d26a0 method=org.jetbrains.kotlin.fir.scopes.impl.FirClassUseSiteMemberScope.getPropertiesAndFieldsFromSupertypesByName(Lorg/jetbrains/kotlin/name/Name;)Lkotlin
Event: 7.234 Thread 0x000002007dfe2b10 DEOPT PACKING pc=0x000002000b0d26a0 sp=0x00000076b75fdb50
Event: 7.234 Thread 0x000002007dfe2b10 DEOPT UNPACKING pc=0x000002000a6146a2 sp=0x00000076b75fda80 mode 2
Event: 7.234 Thread 0x000002007dfe2b10 Uncommon trap: trap_request=0xffffffc6 fr.pc=0x000002000b0d26a0 relative=0x0000000000002d80
Event: 7.234 Thread 0x000002007dfe2b10 Uncommon trap: reason=bimorphic_or_optimized_type_check action=maybe_recompile pc=0x000002000b0d26a0 method=org.jetbrains.kotlin.fir.scopes.impl.FirClassUseSiteMemberScope.getPropertiesAndFieldsFromSupertypesByName(Lorg/jetbrains/kotlin/name/Name;)Lkotlin
Event: 7.234 Thread 0x000002007dfe2b10 DEOPT PACKING pc=0x000002000b0d26a0 sp=0x00000076b75fdb50
Event: 7.234 Thread 0x000002007dfe2b10 DEOPT UNPACKING pc=0x000002000a6146a2 sp=0x00000076b75fda80 mode 2

Classes loaded (20 events):
Event: 6.743 Loading class java/util/ServiceLoader$LazyClassPathLookupIterator
Event: 6.744 Loading class java/util/ServiceLoader$LazyClassPathLookupIterator done
Event: 6.744 Loading class java/util/ServiceLoader$2
Event: 6.744 Loading class java/util/ServiceLoader$2 done
Event: 6.744 Loading class java/util/ServiceLoader$3
Event: 6.744 Loading class java/util/ServiceLoader$3 done
Event: 6.744 Loading class java/util/Collections$EmptyEnumeration
Event: 6.744 Loading class java/util/Collections$EmptyEnumeration done
Event: 6.744 Loading class jdk/internal/loader/BuiltinClassLoader$1
Event: 6.744 Loading class jdk/internal/loader/BuiltinClassLoader$1 done
Event: 6.744 Loading class java/lang/CompoundEnumeration
Event: 6.744 Loading class java/lang/CompoundEnumeration done
Event: 6.744 Loading class jdk/internal/loader/URLClassPath$1
Event: 6.744 Loading class jdk/internal/loader/URLClassPath$1 done
Event: 6.745 Loading class java/util/ServiceLoader$1
Event: 6.746 Loading class java/util/ServiceLoader$1 done
Event: 6.746 Loading class java/util/ServiceLoader$ProviderImpl
Event: 6.746 Loading class java/util/ServiceLoader$Provider
Event: 6.746 Loading class java/util/ServiceLoader$Provider done
Event: 6.746 Loading class java/util/ServiceLoader$ProviderImpl done

Classes unloaded (0 events):
No events

Classes redefined (0 events):
No events

Internal exceptions (20 events):
Event: 3.636 Thread 0x000002007dfe2b10 Exception <a 'java/lang/NoSuchMethodError'{0x0000000707cfe070}: 'java.lang.Object java.lang.invoke.DirectMethodHandle$Holder.invokeStatic(java.lang.Object, java.lang.Object, java.lang.Object, int, java.lang.Object, java.lang.Object)'> (0x0000000707cfe070) 
thrown [s\src\hotspot\share\interpreter\linkResolver.cpp, line 784]
Event: 4.069 Thread 0x000002007dfe2b10 Exception <a 'java/lang/NoSuchMethodError'{0x0000000710f53b50}: 'java.lang.Object java.lang.invoke.DirectMethodHandle$Holder.newInvokeSpecial(java.lang.Object, java.lang.Object, java.lang.Object, java.lang.Object, java.lang.Object, int)'> (0x0000000710f53b50) 
thrown [s\src\hotspot\share\interpreter\linkResolver.cpp, line 784]
Event: 4.069 Thread 0x000002007dfe2b10 Exception <a 'java/lang/NoSuchMethodError'{0x0000000710f585e8}: 'java.lang.Object java.lang.invoke.DirectMethodHandle$Holder.invokeSpecial(java.lang.Object, java.lang.Object, java.lang.Object, java.lang.Object, java.lang.Object, java.lang.Object, int)'> (0x0000000710f585e8) 
thrown [s\src\hotspot\share\interpreter\linkResolver.cpp, line 784]
Event: 4.069 Thread 0x000002007dfe2b10 Exception <a 'java/lang/NoSuchMethodError'{0x0000000710f5c980}: 'java.lang.Object java.lang.invoke.Invokers$Holder.linkToTargetMethod(java.lang.Object, java.lang.Object, java.lang.Object, java.lang.Object, int, java.lang.Object)'> (0x0000000710f5c980) 
thrown [s\src\hotspot\share\interpreter\linkResolver.cpp, line 784]
Event: 4.379 Thread 0x000002007dfe2b10 Exception <a 'java/lang/IncompatibleClassChangeError'{0x00000007096ad608}: Found class java.lang.Object, but interface was expected> (0x00000007096ad608) 
thrown [s\src\hotspot\share\interpreter\linkResolver.cpp, line 851]
Event: 4.452 Thread 0x000002007dfe2b10 Exception <a 'java/lang/NoSuchMethodError'{0x00000007093ab608}: 'java.lang.Object java.lang.invoke.DirectMethodHandle$Holder.newInvokeSpecial(java.lang.Object, int, java.lang.Object, java.lang.Object, java.lang.Object)'> (0x00000007093ab608) 
thrown [s\src\hotspot\share\interpreter\linkResolver.cpp, line 784]
Event: 4.453 Thread 0x000002007dfe2b10 Exception <a 'java/lang/NoSuchMethodError'{0x00000007093b3288}: 'java.lang.Object java.lang.invoke.Invokers$Holder.linkToTargetMethod(int, java.lang.Object, java.lang.Object, java.lang.Object, java.lang.Object)'> (0x00000007093b3288) 
thrown [s\src\hotspot\share\interpreter\linkResolver.cpp, line 784]
Event: 4.553 Thread 0x000002007dfe2b10 Exception <a 'java/lang/NoSuchMethodError'{0x0000000708ddf218}: 'java.lang.Object java.lang.invoke.DirectMethodHandle$Holder.invokeStatic(java.lang.Object, int, java.lang.Object)'> (0x0000000708ddf218) 
thrown [s\src\hotspot\share\interpreter\linkResolver.cpp, line 784]
Event: 5.736 Thread 0x000002007dfe2b10 Implicit null exception at 0x000002000ab7f95a to 0x000002000ab7fa64
Event: 5.865 Thread 0x000002007dfe2b10 Implicit null exception at 0x000002000af96e63 to 0x000002000af97000
Event: 6.282 Thread 0x000002007dfe2b10 Exception <a 'java/lang/NoSuchMethodError'{0x00000007090ad768}: 'java.lang.Object java.lang.invoke.DirectMethodHandle$Holder.newInvokeSpecial(java.lang.Object, java.lang.Object, int, java.lang.Object, java.lang.Object, java.lang.Object)'> (0x00000007090ad768) 
thrown [s\src\hotspot\share\interpreter\linkResolver.cpp, line 784]
Event: 6.282 Thread 0x000002007dfe2b10 Exception <a 'java/lang/NoSuchMethodError'{0x00000007090b18a0}: 'java.lang.Object java.lang.invoke.DirectMethodHandle$Holder.invokeSpecial(java.lang.Object, java.lang.Object, java.lang.Object, int, java.lang.Object, java.lang.Object, java.lang.Object)'> (0x00000007090b18a0) 
thrown [s\src\hotspot\share\interpreter\linkResolver.cpp, line 784]
Event: 6.282 Thread 0x000002007dfe2b10 Exception <a 'java/lang/NoSuchMethodError'{0x00000007090b4f18}: 'java.lang.Object java.lang.invoke.Invokers$Holder.linkToTargetMethod(java.lang.Object, int, java.lang.Object, java.lang.Object, java.lang.Object, java.lang.Object)'> (0x00000007090b4f18) 
thrown [s\src\hotspot\share\interpreter\linkResolver.cpp, line 784]
Event: 6.531 Thread 0x000002007dfe2b10 Exception <a 'java/lang/NoSuchMethodError'{0x0000000706d8b908}: 'java.lang.Object java.lang.invoke.DirectMethodHandle$Holder.newInvokeSpecial(java.lang.Object, java.lang.Object, java.lang.Object, java.lang.Object, java.lang.Object, java.lang.Object, int)'> (0x0000000706d8b908) 
thrown [s\src\hotspot\share\interpreter\linkResolver.cpp, line 784]
Event: 6.532 Thread 0x000002007dfe2b10 Exception <a 'java/lang/NoSuchMethodError'{0x0000000706d8ff20}: 'java.lang.Object java.lang.invoke.DirectMethodHandle$Holder.invokeSpecial(java.lang.Object, java.lang.Object, java.lang.Object, java.lang.Object, java.lang.Object, java.lang.Object, java.lang.Object, int)'> (0x0000000706d8ff20) 
thrown [s\src\hotspot\share\interpreter\linkResolver.cpp, line 784]
Event: 6.532 Thread 0x000002007dfe2b10 Exception <a 'java/lang/NoSuchMethodError'{0x0000000706d94088}: 'java.lang.Object java.lang.invoke.Invokers$Holder.linkToTargetMethod(java.lang.Object, java.lang.Object, java.lang.Object, java.lang.Object, java.lang.Object, int, java.lang.Object)'> (0x0000000706d94088) 
thrown [s\src\hotspot\share\interpreter\linkResolver.cpp, line 784]
Event: 6.789 Thread 0x000002007dfe2b10 Implicit null exception at 0x000002000ab9dca0 to 0x000002000ab9e340
Event: 6.791 Thread 0x000002007dfe2b10 Implicit null exception at 0x000002000aba3820 to 0x000002000aba3eb8
Event: 6.961 Thread 0x000002007dfe2b10 Exception <a 'java/lang/NoSuchMethodError'{0x000000070977cdc0}: 'java.lang.Object java.lang.invoke.DirectMethodHandle$Holder.newInvokeSpecial(java.lang.Object, java.lang.Object, java.lang.Object, java.lang.Object, java.lang.Object, java.lang.Object, java.lang.Object, java.lang.Object, int)'> (0x000000070977cdc0) 
thrown [s\src\hotspot\share\interpreter\linkResolver.cpp, line 784]
Event: 6.962 Thread 0x000002007dfe2b10 Exception <a 'java/lang/NoSuchMethodError'{0x0000000709781b68}: 'java.lang.Object java.lang.invoke.DirectMethodHandle$Holder.invokeSpecial(java.lang.Object, java.lang.Object, java.lang.Object, java.lang.Object, java.lang.Object, java.lang.Object, java.lang.Object, java.lang.Object, java.lang.Object, int)'> (0x0000000709781b68) 
thrown [s\src\hotspot\share\interpreter\linkResolver.cpp, line 784]

ZGC Phase Switch (0 events):
No events

VM Operations (20 events):
Event: 6.547 Executing VM operation: G1CollectForAllocation (G1 Evacuation Pause)
Event: 6.561 Executing VM operation: G1CollectForAllocation (G1 Evacuation Pause) done
Event: 6.808 Executing VM operation: HandshakeAllThreads (Deoptimize)
Event: 6.808 Executing VM operation: HandshakeAllThreads (Deoptimize) done
Event: 6.808 Executing VM operation: HandshakeAllThreads (Deoptimize)
Event: 6.808 Executing VM operation: HandshakeAllThreads (Deoptimize) done
Event: 6.810 Executing VM operation: HandshakeAllThreads (Deoptimize)
Event: 6.810 Executing VM operation: HandshakeAllThreads (Deoptimize) done
Event: 6.811 Executing VM operation: HandshakeAllThreads (Deoptimize)
Event: 6.811 Executing VM operation: HandshakeAllThreads (Deoptimize) done
Event: 6.876 Executing VM operation: HandshakeAllThreads (Deoptimize)
Event: 6.876 Executing VM operation: HandshakeAllThreads (Deoptimize) done
Event: 6.899 Executing VM operation: HandshakeAllThreads (Deoptimize)
Event: 6.899 Executing VM operation: HandshakeAllThreads (Deoptimize) done
Event: 6.945 Executing VM operation: ICBufferFull
Event: 6.945 Executing VM operation: ICBufferFull done
Event: 7.042 Executing VM operation: ICBufferFull
Event: 7.042 Executing VM operation: ICBufferFull done
Event: 7.230 Executing VM operation: ICBufferFull
Event: 7.230 Executing VM operation: ICBufferFull done

Memory protections (0 events):
No events

Nmethod flushes (20 events):
Event: 4.050 Thread 0x00000200198a7020 flushing  nmethod 0x0000020003144690
Event: 4.050 Thread 0x00000200198a7020 flushing  nmethod 0x0000020003176a90
Event: 4.050 Thread 0x00000200198a7020 flushing  nmethod 0x000002000317af10
Event: 4.050 Thread 0x00000200198a7020 flushing  nmethod 0x00000200031a3490
Event: 4.050 Thread 0x00000200198a7020 flushing  nmethod 0x00000200031a4a90
Event: 4.050 Thread 0x00000200198a7020 flushing  nmethod 0x000002000325cf10
Event: 4.050 Thread 0x00000200198a7020 flushing  nmethod 0x0000020003298a10
Event: 4.050 Thread 0x00000200198a7020 flushing  nmethod 0x0000020003298f10
Event: 4.050 Thread 0x00000200198a7020 flushing  nmethod 0x0000020003299610
Event: 4.050 Thread 0x00000200198a7020 flushing  nmethod 0x0000020003299b10
Event: 4.050 Thread 0x00000200198a7020 flushing  nmethod 0x000002000329c990
Event: 4.050 Thread 0x00000200198a7020 flushing  nmethod 0x000002000329dc90
Event: 4.050 Thread 0x00000200198a7020 flushing  nmethod 0x00000200032a1690
Event: 4.050 Thread 0x00000200198a7020 flushing  nmethod 0x00000200032a1b90
Event: 4.050 Thread 0x00000200198a7020 flushing  nmethod 0x00000200032a2a10
Event: 4.050 Thread 0x00000200198a7020 flushing  nmethod 0x00000200032a3910
Event: 4.050 Thread 0x00000200198a7020 flushing  nmethod 0x00000200032a3c90
Event: 4.050 Thread 0x00000200198a7020 flushing  nmethod 0x00000200032a5690
Event: 4.050 Thread 0x00000200198a7020 flushing  nmethod 0x00000200032a5d10
Event: 4.050 Thread 0x00000200198a7020 flushing  nmethod 0x0000020003301f10

Events (16 events):
Event: 0.011 Thread 0x000002007dfe2b10 Thread added: 0x000002007dfe2b10
Event: 0.047 Thread 0x000002007dfe2b10 Thread added: 0x000002001e0ae9b0
Event: 0.047 Thread 0x000002007dfe2b10 Thread added: 0x000002001e0af010
Event: 0.048 Thread 0x000002007dfe2b10 Thread added: 0x000002001e0c2020
Event: 0.048 Thread 0x000002007dfe2b10 Thread added: 0x000002001e0c28f0
Event: 0.048 Thread 0x000002007dfe2b10 Thread added: 0x000002001e0d04f0
Event: 0.048 Thread 0x000002007dfe2b10 Thread added: 0x000002001e0d0b50
Event: 0.048 Thread 0x000002007dfe2b10 Thread added: 0x000002001e0ecd20
Event: 0.048 Thread 0x000002007dfe2b10 Thread added: 0x000002001e0ed3c0
Event: 0.081 Thread 0x000002007dfe2b10 Thread added: 0x000002001e275a70
Event: 0.086 Thread 0x000002007dfe2b10 Thread added: 0x000002001e28b2c0
Event: 0.092 Loaded shared library C:\Users\Mark Paul\AppData\Local\Programs\Android Studio\jbr\bin\net.dll
Event: 0.094 Loaded shared library C:\Users\Mark Paul\AppData\Local\Programs\Android Studio\jbr\bin\nio.dll
Event: 0.116 Thread 0x000002001e0ecd20 Thread added: 0x000002001e2a64d0
Event: 0.125 Loaded shared library C:\Users\Mark Paul\AppData\Local\Programs\Android Studio\jbr\bin\zip.dll
Event: 0.150 Loaded shared library C:\Users\Mark Paul\AppData\Local\Programs\Android Studio\jbr\bin\jimage.dll


Dynamic libraries:
0x00007ff622800000 - 0x00007ff62280a000 	C:\Users\Mark Paul\AppData\Local\Programs\Android Studio\jbr\bin\java.exe
0x00007ffcd4260000 - 0x00007ffcd44c0000 	C:\WINDOWS\SYSTEM32\ntdll.dll
0x00007ffcd2f90000 - 0x00007ffcd3057000 	C:\WINDOWS\System32\KERNEL32.DLL
0x00007ffcd1a30000 - 0x00007ffcd1dfb000 	C:\WINDOWS\System32\KERNELBASE.dll
0x00007ffcd18e0000 - 0x00007ffcd1a2b000 	C:\WINDOWS\System32\ucrtbase.dll
0x00007ffcb2cc0000 - 0x00007ffcb2cd8000 	C:\Users\Mark Paul\AppData\Local\Programs\Android Studio\jbr\bin\jli.dll
0x00007ffcc1d90000 - 0x00007ffcc1dab000 	C:\Users\Mark Paul\AppData\Local\Programs\Android Studio\jbr\bin\VCRUNTIME140.dll
0x00007ffcd2210000 - 0x00007ffcd23dc000 	C:\WINDOWS\System32\USER32.dll
0x00007ffcbbae0000 - 0x00007ffcbbd77000 	C:\WINDOWS\WinSxS\amd64_microsoft.windows.common-controls_6595b64144ccf1df_6.0.26100.3624_none_3e086962e3345f24\COMCTL32.dll
0x00007ffcd2030000 - 0x00007ffcd2057000 	C:\WINDOWS\System32\win32u.dll
0x00007ffcd4110000 - 0x00007ffcd413a000 	C:\WINDOWS\System32\GDI32.dll
0x00007ffcd3be0000 - 0x00007ffcd3c89000 	C:\WINDOWS\System32\msvcrt.dll
0x00007ffcd17a0000 - 0x00007ffcd18d1000 	C:\WINDOWS\System32\gdi32full.dll
0x00007ffcd1e00000 - 0x00007ffcd1ea3000 	C:\WINDOWS\System32\msvcp_win.dll
0x00007ffcd2ed0000 - 0x00007ffcd2eff000 	C:\WINDOWS\System32\IMM32.DLL
0x00007ffccc860000 - 0x00007ffccc86c000 	C:\Users\Mark Paul\AppData\Local\Programs\Android Studio\jbr\bin\vcruntime140_1.dll
0x00007ffcb1cd0000 - 0x00007ffcb1d5d000 	C:\Users\Mark Paul\AppData\Local\Programs\Android Studio\jbr\bin\msvcp140.dll
0x00007ffc7b7f0000 - 0x00007ffc7c47a000 	C:\Users\Mark Paul\AppData\Local\Programs\Android Studio\jbr\bin\server\jvm.dll
0x00007ffcd3690000 - 0x00007ffcd3743000 	C:\WINDOWS\System32\ADVAPI32.dll
0x00007ffcd34b0000 - 0x00007ffcd3556000 	C:\WINDOWS\System32\sechost.dll
0x00007ffcd2c80000 - 0x00007ffcd2d96000 	C:\WINDOWS\System32\RPCRT4.dll
0x00007ffcd2e50000 - 0x00007ffcd2ec4000 	C:\WINDOWS\System32\WS2_32.dll
0x00007ffcd0c70000 - 0x00007ffcd0cce000 	C:\WINDOWS\SYSTEM32\POWRPROF.dll
0x00007ffcc45c0000 - 0x00007ffcc45f6000 	C:\WINDOWS\SYSTEM32\WINMM.dll
0x00007ffcc94c0000 - 0x00007ffcc94cb000 	C:\WINDOWS\SYSTEM32\VERSION.dll
0x00007ffcd0c50000 - 0x00007ffcd0c64000 	C:\WINDOWS\SYSTEM32\UMPDC.dll
0x00007ffcd0210000 - 0x00007ffcd022a000 	C:\WINDOWS\SYSTEM32\kernel.appcore.dll
0x00007ffccb140000 - 0x00007ffccb14a000 	C:\Users\Mark Paul\AppData\Local\Programs\Android Studio\jbr\bin\jimage.dll
0x00007ffcbbe90000 - 0x00007ffcbc0d1000 	C:\WINDOWS\SYSTEM32\DBGHELP.DLL
0x00007ffcd3d80000 - 0x00007ffcd4103000 	C:\WINDOWS\System32\combase.dll
0x00007ffcd3ca0000 - 0x00007ffcd3d76000 	C:\WINDOWS\System32\OLEAUT32.dll
0x00007ffcb10c0000 - 0x00007ffcb10f9000 	C:\WINDOWS\SYSTEM32\dbgcore.DLL
0x00007ffcd15b0000 - 0x00007ffcd1649000 	C:\WINDOWS\System32\bcryptPrimitives.dll
0x00007ffcc1ca0000 - 0x00007ffcc1cc0000 	C:\Users\Mark Paul\AppData\Local\Programs\Android Studio\jbr\bin\java.dll
0x00007ffcbf920000 - 0x00007ffcbf938000 	C:\Users\Mark Paul\AppData\Local\Programs\Android Studio\jbr\bin\zip.dll
0x00007ffcd24d0000 - 0x00007ffcd2bf9000 	C:\WINDOWS\System32\SHELL32.dll
0x00007ffcd1440000 - 0x00007ffcd15a8000 	C:\WINDOWS\System32\wintypes.dll
0x00007ffccf0c0000 - 0x00007ffccf912000 	C:\WINDOWS\SYSTEM32\windows.storage.dll
0x00007ffcd23e0000 - 0x00007ffcd24cd000 	C:\WINDOWS\System32\SHCORE.dll
0x00007ffcd2f10000 - 0x00007ffcd2f74000 	C:\WINDOWS\System32\shlwapi.dll
0x00007ffcd1350000 - 0x00007ffcd137f000 	C:\WINDOWS\SYSTEM32\profapi.dll
0x00007ffcc1e40000 - 0x00007ffcc1e50000 	C:\Users\Mark Paul\AppData\Local\Programs\Android Studio\jbr\bin\net.dll
0x00007ffccaa40000 - 0x00007ffccab5d000 	C:\WINDOWS\SYSTEM32\WINHTTP.dll
0x00007ffcd0710000 - 0x00007ffcd077a000 	C:\WINDOWS\system32\mswsock.dll
0x00007ffcbf900000 - 0x00007ffcbf916000 	C:\Users\Mark Paul\AppData\Local\Programs\Android Studio\jbr\bin\nio.dll
0x00007ffcbebe0000 - 0x00007ffcbebf0000 	C:\Users\Mark Paul\AppData\Local\Programs\Android Studio\jbr\bin\verify.dll

dbghelp: loaded successfully - version: 4.0.5 - missing functions: none
symbol engine: initialized successfully - sym options: 0x614 - pdb path: .;C:\Users\Mark Paul\AppData\Local\Programs\Android Studio\jbr\bin;C:\WINDOWS\SYSTEM32;C:\WINDOWS\WinSxS\amd64_microsoft.windows.common-controls_6595b64144ccf1df_6.0.26100.3624_none_3e086962e3345f24;C:\Users\Mark Paul\AppData\Local\Programs\Android Studio\jbr\bin\server

VM Arguments:
java_command: org.jetbrains.kotlin.cli.jvm.K2JVMCompiler @C:\Users\Mark Paul\ITE_393\app\build\20250401_5342567978686258006.compiler.options
java_class_path (initial): C:\Users\Mark Paul\.gradle\caches\modules-2\files-2.1\org.jetbrains.kotlin\kotlin-compiler-embeddable\2.1.0\988bf980588bbbcfa1ba19c1ffd7aa869b335a31\kotlin-compiler-embeddable-2.1.0.jar;C:\Users\Mark Paul\.gradle\caches\modules-2\files-2.1\org.jetbrains.kotlin\kotlin-stdlib\2.1.0\85f8b81009cda5890e54ba67d64b5e599c645020\kotlin-stdlib-2.1.0.jar;C:\Users\Mark Paul\.gradle\caches\modules-2\files-2.1\org.jetbrains.kotlin\kotlin-script-runtime\2.1.0\5909da8c57b75a117714ab0e348c86101b7a3284\kotlin-script-runtime-2.1.0.jar;C:\Users\Mark Paul\.gradle\caches\modules-2\files-2.1\org.jetbrains.kotlin\kotlin-reflect\1.6.10\1cbe9c92c12a94eea200d23c2bbaedaf3daf5132\kotlin-reflect-1.6.10.jar;C:\Users\Mark Paul\.gradle\caches\modules-2\files-2.1\org.jetbrains.kotlin\kotlin-daemon-embeddable\2.1.0\420bae1908e4a353f5b56c3c850d24d86367b25d\kotlin-daemon-embeddable-2.1.0.jar;C:\Users\Mark Paul\.gradle\caches\modules-2\files-2.1\org.jetbrains.intellij.deps\trove4j\1.0.20200330\3afb14d5f9ceb459d724e907a21145e8ff394f02\trove4j-1.0.20200330.jar;C:\Users\Mark Paul\.gradle\caches\modules-2\files-2.1\org.jetbrains.kotlinx\kotlinx-coroutines-core-jvm\1.6.4\2c997cd1c0ef33f3e751d3831929aeff1390cb30\kotlinx-coroutines-core-jvm-1.6.4.jar;C:\Users\Mark Paul\.gradle\caches\modules-2\files-2.1\org.jetbrains\annotations\13.0\919f0dfe192fb4e063e7dacadee7f8bb9a2672a9\annotations-13.0.jar
Launcher Type: SUN_STANDARD

[Global flags]
     intx CICompilerCount                          = 3                                         {product} {ergonomic}
     uint ConcGCThreads                            = 2                                         {product} {ergonomic}
     uint G1ConcRefinementThreads                  = 6                                         {product} {ergonomic}
   size_t G1HeapRegionSize                         = 2097152                                   {product} {ergonomic}
    uintx GCDrainStackTargetSize                   = 64                                        {product} {ergonomic}
   size_t InitialHeapSize                          = 268435456                                 {product} {ergonomic}
   size_t MarkStackSize                            = 4194304                                   {product} {ergonomic}
   size_t MaxHeapSize                              = 4278190080                                {product} {ergonomic}
   size_t MaxNewSize                               = 2566914048                                {product} {ergonomic}
   size_t MinHeapDeltaBytes                        = 2097152                                   {product} {ergonomic}
   size_t MinHeapSize                              = 8388608                                   {product} {ergonomic}
    uintx NonNMethodCodeHeapSize                   = 5832780                                {pd product} {ergonomic}
    uintx NonProfiledCodeHeapSize                  = 122912730                              {pd product} {ergonomic}
    uintx ProfiledCodeHeapSize                     = 122912730                              {pd product} {ergonomic}
    uintx ReservedCodeCacheSize                    = 251658240                              {pd product} {ergonomic}
     bool SegmentedCodeCache                       = true                                      {product} {ergonomic}
   size_t SoftMaxHeapSize                          = 4278190080                             {manageable} {ergonomic}
     bool UseCompressedOops                        = true                           {product lp64_product} {ergonomic}
     bool UseG1GC                                  = true                                      {product} {ergonomic}
     bool UseLargePagesIndividualAllocation        = false                                  {pd product} {ergonomic}

Logging:
Log output configuration:
 #0: stdout all=warning uptime,level,tags foldmultilines=false
 #1: stderr all=off uptime,level,tags foldmultilines=false

Environment Variables:
PATH=C:\Program Files (x86)\Common Files\Intel\Shared Libraries\redist\intel64\compiler;C:\WINDOWS\system32;C:\WINDOWS;C:\WINDOWS\System32\Wbem;C:\WINDOWS\System32\WindowsPowerShell\v1.0\;C:\WINDOWS\System32\OpenSSH\;C:\Program Files\dotnet\;C:\Program Files (x86)\NVIDIA Corporation\PhysX\Common;C:\Program Files\NVIDIA Corporation\NVIDIA NvDLISR;C:\WINDOWS\system32;C:\WINDOWS;C:\WINDOWS\System32\Wbem;C:\WINDOWS\System32\WindowsPowerShell\v1.0\;C:\WINDOWS\System32\OpenSSH\;C:\Program Files\Git\cmd;C:\Users\Mark Paul\AppData\Local\Programs\Python\Python312\Scripts\;C:\Users\Mark Paul\AppData\Local\Programs\Python\Python312\;C:\Users\Mark Paul\AppData\Local\Microsoft\WindowsApps;C:\Program Files\JetBrains\PyCharm Community Edition 2024.1.2\bin;C:\Users\Mark Paul\AppData\Local\JetBrains\Toolbox\scripts;C:\Users\Mark Paul\AppData\Local\Programs\Microsoft VS Code\bin
USERNAME=Mark Paul
OS=Windows_NT
PROCESSOR_IDENTIFIER=AMD64 Family 23 Model 113 Stepping 0, AuthenticAMD
TMP=C:\Users\MARKPA~1\AppData\Local\Temp
TEMP=C:\Users\MARKPA~1\AppData\Local\Temp




Periodic native trim disabled

JNI global refs:
JNI global refs: 12, weak refs: 8

JNI global refs memory usage: 835, weak refs: 833

Process memory usage:
Resident Set Size: 438236K (2% of 16706568K total physical memory with 1081940K free physical memory)

OOME stack traces (most recent first):
Classloader memory used:
Loader jdk.internal.loader.ClassLoaders$AppClassLoader                                 : 64168K
Loader bootstrap                                                                       : 11082K

---------------  S Y S T E M  ---------------

OS:
 Windows 11 , 64 bit Build 26100 (10.0.26100.3624)
OS uptime: 0 days 7:13 hours
Hyper-V role detected

CPU: total 6 (initial active 6) (6 cores per cpu, 1 threads per core) family 23 model 113 stepping 0 microcode 0x8701021, cx8, cmov, fxsr, mmx, 3dnowpref, sse, sse2, sse3, ssse3, sse4a, sse4.1, sse4.2, popcnt, lzcnt, tsc, tscinvbit, avx, avx2, aes, clmul, bmi1, bmi2, adx, sha, fma, vzeroupper, clflush, clflushopt, hv, rdtscp, rdpid, f16c
Processor Information for all 6 processors :
  Max Mhz: 3593, Current Mhz: 3593, Mhz Limit: 3593

Memory: 4k page, system-wide physical 16315M (1059M free)
TotalPageFile size 19315M (AvailPageFile size 9M)
current process WorkingSet (physical memory assigned to process): 429M, peak: 429M
current process commit charge ("private bytes"): 456M, peak: 456M

vm_info: OpenJDK 64-Bit Server VM (21.0.5+-13047016-b750.29) for windows-amd64 JRE (21.0.5+-13047016-b750.29), built on 2025-02-11T21:12:39Z by "builder" with MS VC++ 16.10 / 16.11 (VS2019)

END.
